<?xml version="1.0" encoding="UTF-8"?>
<testsuite xmlns:xsi="http://www.w3.org/2001/XMLSchema-instance" xsi:noNamespaceSchemaLocation="https://maven.apache.org/surefire/maven-surefire-plugin/xsd/surefire-test-report.xsd" version="3.0.2" name="com.proyectoConstruccion.sistema_ventas_login.ApplicationTests" time="5.739" tests="1" errors="0" skipped="0" failures="0">
  <properties>
[...]
</properties>
  <testcase name="contextLoads" classname="com.proyectoConstruccion.sistema_ventas_login.ApplicationTests" time="1.379">
    <system-out><![CDATA[09:42:27.336 [main] INFO org.springframework.test.context.support.AnnotationConfigContextLoaderUtils -- Could not detect default configuration classes for test class [com.proyectoConstruccion.sistema_ventas_login.ApplicationTests]: ApplicationTests does not declare any static, non-private, non-final, nested classes annotated with @Configuration.
09:42:27.548 [main] INFO org.springframework.boot.test.context.SpringBootTestContextBootstrapper -- Found @SpringBootConfiguration com.proyectoConstruccion.sistema_ventas_login.Application for test class com.proyectoConstruccion.sistema_ventas_login.ApplicationTests
09:42:28.020 [main] INFO org.springframework.boot.devtools.restart.RestartApplicationListener -- Restart disabled due to context in which it is running

  .   ____          _            __ _ _
 /\\ / ___'_ __ _ _(_)_ __  __ _ \ \ \ \
( ( )\___ | '_ | '_| | '_ \/ _` | \ \ \ \
 \\/  ___)| |_)| | | | | || (_| |  ) ) ) )
  '  |____| .__|_| |_|_| |_\__, | / / / /
 =========|_|==============|___/=/_/_/_/

 :: Spring Boot ::                (v3.5.7)

2025-11-03T09:42:28.864-06:00  INFO 12148 --- [com.proyectoConstruccion.sistemaventas] [           main] c.p.s.ApplicationTests                   : Starting ApplicationTests using Java 22.0.2 with PID 12148 (started by 52155 in C:\Users\52155\Documents\UNI-FMAT\Quinto Semestre\Construcci�n de Software\sistema-ventas-login)
2025-11-03T09:42:28.867-06:00 DEBUG 12148 --- [com.proyectoConstruccion.sistemaventas] [           main] c.p.s.ApplicationTests                   : Running with Spring Boot v3.5.7, Spring v6.2.12
2025-11-03T09:42:28.868-06:00  INFO 12148 --- [com.proyectoConstruccion.sistemaventas] [           main] c.p.s.ApplicationTests                   : No active profile set, falling back to 1 default profile: "default"
2025-11-03T09:42:31.205-06:00  WARN 12148 --- [com.proyectoConstruccion.sistemaventas] [           main] ion$DefaultTemplateResolverConfiguration : Cannot find template location: classpath:/templates/ (please add some templates, check your Thymeleaf configuration, or set spring.thymeleaf.check-template-location=false)
2025-11-03T09:42:31.369-06:00  INFO 12148 --- [com.proyectoConstruccion.sistemaventas] [           main] c.p.s.ApplicationTests                   : Started ApplicationTests in 3.376 seconds (process running for 5.555)
]]></system-out>
    <system-err><![CDATA[Mockito is currently self-attaching to enable the inline-mock-maker. This will no longer work in future releases of the JDK. Please add Mockito as an agent to your build as described in Mockito's documentation: https://javadoc.io/doc/org.mockito/mockito-core/latest/org.mockito/org/mockito/Mockito.html#0.3
WARNING: A Java agent has been loaded dynamically (C:\Users\52155\.m2\repository\net\bytebuddy\byte-buddy-agent\1.17.8\byte-buddy-agent-1.17.8.jar)
WARNING: If a serviceability tool is in use, please run with -XX:+EnableDynamicAgentLoading to hide this warning
WARNING: If a serviceability tool is not in use, please run with -Djdk.instrument.traceUsage for more information
WARNING: Dynamic loading of agents will be disallowed by default in a future release
]]></system-err>
  </testcase>
</testsuite>